app/build/outputs/logs/manifest-merger-debug-report.txt
-- Merging decision tree log ---
manifest
ADDED from src\main\AndroidManifest.xml:2:1-42:12
	package
		ADDED from src\main\AndroidManifest.xml:3:7-28
		INJECTED from src\main\AndroidManifest.xml
		INJECTED from src\main\AndroidManifest.xml
	android:versionName
		ADDED from src\main\AndroidManifest.xml:5:7-34
		INJECTED from src\main\AndroidManifest.xml
		INJECTED from src\main\AndroidManifest.xml
	android:versionCode
		ADDED from src\main\AndroidManifest.xml:4:7-30
		INJECTED from src\main\AndroidManifest.xml
		INJECTED from src\main\AndroidManifest.xml
	xmlns:android
		ADDED from src\main\AndroidManifest.xml:2:11-69
application
ADDED from src\main\AndroidManifest.xml:9:5-41:15
	android:label
		ADDED from src\main\AndroidManifest.xml:10:12-44
	android:icon
		ADDED from src\main\AndroidManifest.xml:9:18-47
activity#m.usewidget.MainActivity
ADDED from src\main\AndroidManifest.xml:11:9-17:20
	android:label
		ADDED from src\main\AndroidManifest.xml:12:16-48
	android:name
		ADDED from src\main\AndroidManifest.xml:11:19-47
intent-filter#android.intent.action.MAIN+android.intent.category.LAUNCHER
ADDED from src\main\AndroidManifest.xml:13:13-16:29
action#android.intent.action.MAIN
ADDED from src\main\AndroidManifest.xml:14:17-69
	android:name
		ADDED from src\main\AndroidManifest.xml:14:25-66
category#android.intent.category.LAUNCHER
ADDED from src\main\AndroidManifest.xml:15:17-77
	android:name
		ADDED from src\main\AndroidManifest.xml:15:27-74
activity#m.usewidget.ToggleButtonActivity
ADDED from src\main\AndroidManifest.xml:18:7-64
	android:name
		ADDED from src\main\AndroidManifest.xml:18:17-52
activity#m.usewidget.ViewTextActivity
ADDED from src\main\AndroidManifest.xml:19:6-59
	android:name
		ADDED from src\main\AndroidManifest.xml:19:16-47
activity#m.usewidget.EditTextActivity
ADDED from src\main\AndroidManifest.xml:20:6-59
	android:name
		ADDED from src\main\AndroidManifest.xml:20:16-47
activity#m.usewidget.CheckBoxActivity
ADDED from src\main\AndroidManifest.xml:21:6-59
	android:name
		ADDED from src\main\AndroidManifest.xml:21:16-47
activity#m.usewidget.RadioGroupActivity
ADDED from src\main\AndroidManifest.xml:22:6-61
	android:name
		ADDED from src\main\AndroidManifest.xml:22:16-49
activity#m.usewidget.SpinnerActivity
ADDED from src\main\AndroidManifest.xml:23:6-58
	android:name
		ADDED from src\main\AndroidManifest.xml:23:16-46
activity#m.usewidget.AutoCompleteTextViewActivity
ADDED from src\main\AndroidManifest.xml:24:6-71
	android:name
		ADDED from src\main\AndroidManifest.xml:24:16-59
activity#m.usewidget.DatePickerActivity
ADDED from src\main\AndroidManifest.xml:25:6-61
	android:name
		ADDED from src\main\AndroidManifest.xml:25:16-49
activity#m.usewidget.TimePickerActivity
ADDED from src\main\AndroidManifest.xml:26:6-61
	android:name
		ADDED from src\main\AndroidManifest.xml:26:16-49
activity#m.usewidget.ProgressBarActivity
ADDED from src\main\AndroidManifest.xml:27:6-62
	android:name
		ADDED from src\main\AndroidManifest.xml:27:16-50
activity#m.usewidget.SeekBarActivity
ADDED from src\main\AndroidManifest.xml:28:6-58
	android:name
		ADDED from src\main\AndroidManifest.xml:28:16-46
activity#m.usewidget.RatingBarActivity
ADDED from src\main\AndroidManifest.xml:29:6-60
	android:name
		ADDED from src\main\AndroidManifest.xml:29:16-48
activity#m.usewidget.ImageViewActivity1
ADDED from src\main\AndroidManifest.xml:30:6-61
	android:name
		ADDED from src\main\AndroidManifest.xml:30:16-49
activity#m.usewidget.ImageViewActivity2
ADDED from src\main\AndroidManifest.xml:31:6-61
	android:name
		ADDED from src\main\AndroidManifest.xml:31:16-49
activity#m.usewidget.ImageButtonActivity
ADDED from src\main\AndroidManifest.xml:32:6-62
	android:name
		ADDED from src\main\AndroidManifest.xml:32:16-50
activity#m.usewidget.ImageShowActivity1
ADDED from src\main\AndroidManifest.xml:33:6-61
	android:name
		ADDED from src\main\AndroidManifest.xml:33:16-49
activity#m.usewidget.ImageShowActivity2
ADDED from src\main\AndroidManifest.xml:34:6-61
	android:name
		ADDED from src\main\AndroidManifest.xml:34:16-49
activity#m.usewidget.GridViewActivity
ADDED from src\main\AndroidManifest.xml:35:6-59
	android:name
		ADDED from src\main\AndroidManifest.xml:35:16-47
activity#m.usewidget.TabDemoActivity
ADDED from src\main\AndroidManifest.xml:36:6-59
	android:name
		ADDED from src\main\AndroidManifest.xml:36:16-47
uses-sdk
INJECTED from src\main\AndroidManifest.xml reason: use-sdk injection requested
	android:targetSdkVersion
		INJECTED from src\main\AndroidManifest.xml
		INJECTED from src\main\AndroidManifest.xml
	android:minSdkVersion
		INJECTED from src\main\AndroidManifest.xml
		INJECTED from src\main\AndroidManifest.xml